#
# There is insufficient memory for the Java Runtime Environment to continue.
# Native memory allocation (malloc) failed to allocate 32744 bytes. Error detail: ChunkPool::allocate
# Possible reasons:
#   The system is out of physical RAM or swap space
#   This process is running with CompressedOops enabled, and the Java Heap may be blocking the growth of the native heap
# Possible solutions:
#   Reduce memory load on the system
#   Increase physical memory or swap space
#   Check if swap backing store is full
#   Decrease Java heap size (-Xmx/-Xms)
#   Decrease number of Java threads
#   Decrease Java thread stack sizes (-Xss)
#   Set larger code cache with -XX:ReservedCodeCacheSize=
#   JVM is running with Unscaled Compressed Oops mode in which the Java heap is
#     placed in the first 4GB address space. The Java Heap base address is the
#     maximum limit for the native heap growth. Please use -XX:HeapBaseMinAddress
#     to set the Java Heap base and to place the Java Heap above 4GB virtual address.
# This output file may be truncated or incomplete.
#
#  Out of Memory Error (arena.cpp:79), pid=14380, tid=9056
#
# JRE version: OpenJDK Runtime Environment OpenLogic-OpenJDK (17.0.13+11) (build 17.0.13+11-adhoc..jdk17u)
# Java VM: OpenJDK 64-Bit Server VM OpenLogic-OpenJDK (17.0.13+11-adhoc..jdk17u, mixed mode, sharing, tiered, compressed oops, compressed class ptrs, g1 gc, windows-amd64)
# No core dump will be written. Minidumps are not enabled by default on client versions of Windows
#

---------------  S U M M A R Y ------------

Command Line: -Xmx64m -Xms64m -Dorg.gradle.appname=gradlew org.gradle.wrapper.GradleWrapperMain assembleRelease

Host: 12th Gen Intel(R) Core(TM) i5-12400F, 12 cores, 31G,  Windows 11 , 64 bit Build 26100 (10.0.26100.2454)
Time: Mon Dec 16 21:22:20 2024 India Standard Time elapsed time: 298.812936 seconds (0d 0h 4m 58s)

---------------  T H R E A D  ---------------

Current thread (0x000001b373631bc0):  JavaThread "C2 CompilerThread0" daemon [_thread_in_native, id=9056, stack(0x0000005ebe400000,0x0000005ebe500000)]


Current CompileTask:
C2: 298813 2060       4       org.gradle.internal.logging.sink.GroupingProgressLogEventGenerator$OperationGroup::maybeFlushOutput (34 bytes)

Stack: [0x0000005ebe400000,0x0000005ebe500000]
Native frames: (J=compiled Java code, j=interpreted, Vv=VM code, C=native code)
V  [jvm.dll+0x680c19]
V  [jvm.dll+0x83888a]
V  [jvm.dll+0x83a34e]
V  [jvm.dll+0x83a9b3]
V  [jvm.dll+0x2481af]
V  [jvm.dll+0xacbf1]
V  [jvm.dll+0xad03c]
V  [jvm.dll+0x6d436d]
V  [jvm.dll+0x6d42a8]
V  [jvm.dll+0x65d260]
V  [jvm.dll+0x343440]
V  [jvm.dll+0x348a8e]
V  [jvm.dll+0x34ca6a]
V  [jvm.dll+0x1a8261]
V  [jvm.dll+0x2ae9f4]
V  [jvm.dll+0x699135]
V  [jvm.dll+0x6910eb]
V  [jvm.dll+0x690727]
V  [jvm.dll+0x68e612]
V  [jvm.dll+0x1a87fc]
V  [jvm.dll+0x1a9396]
V  [jvm.dll+0x2ae9f4]
V  [jvm.dll+0x699135]
V  [jvm.dll+0x6910eb]
V  [jvm.dll+0x690727]
V  [jvm.dll+0x68e612]
V  [jvm.dll+0x1a87fc]
V  [jvm.dll+0x2196f8]
V  [jvm.dll+0x1a58ed]
V  [jvm.dll+0x22988d]
V  [jvm.dll+0x227a1c]
V  [jvm.dll+0x7ed737]
V  [jvm.dll+0x7e7b2c]
V  [jvm.dll+0x67fae7]
C  [ucrtbase.dll+0x14ea0]
C  [KERNEL32.DLL+0x2e8d7]
C  [ntdll.dll+0xdfbcc]


---------------  P R O C E S S  ---------------

Threads class SMR info:
_java_thread_list=0x000001b379283880, length=13, elements={
0x000001b3583fb150, 0x000001b373600900, 0x000001b3736013d0, 0x000001b373628970,
0x000001b373629240, 0x000001b37362a120, 0x000001b37362ca00, 0x000001b373631bc0,
0x000001b373634590, 0x000001b3736352b0, 0x000001b373895d90, 0x000001b37389d8c0,
0x000001b3797d0890
}

Java Threads: ( => current thread )
  0x000001b3583fb150 JavaThread "main" [_thread_in_native, id=8684, stack(0x0000005ebd700000,0x0000005ebd800000)]
  0x000001b373600900 JavaThread "Reference Handler" daemon [_thread_blocked, id=13464, stack(0x0000005ebde00000,0x0000005ebdf00000)]
  0x000001b3736013d0 JavaThread "Finalizer" daemon [_thread_blocked, id=17624, stack(0x0000005ebdf00000,0x0000005ebe000000)]
  0x000001b373628970 JavaThread "Signal Dispatcher" daemon [_thread_blocked, id=17520, stack(0x0000005ebe000000,0x0000005ebe100000)]
  0x000001b373629240 JavaThread "Attach Listener" daemon [_thread_blocked, id=19980, stack(0x0000005ebe100000,0x0000005ebe200000)]
  0x000001b37362a120 JavaThread "Service Thread" daemon [_thread_blocked, id=17720, stack(0x0000005ebe200000,0x0000005ebe300000)]
  0x000001b37362ca00 JavaThread "Monitor Deflation Thread" daemon [_thread_blocked, id=11676, stack(0x0000005ebe300000,0x0000005ebe400000)]
=>0x000001b373631bc0 JavaThread "C2 CompilerThread0" daemon [_thread_in_native, id=9056, stack(0x0000005ebe400000,0x0000005ebe500000)]
  0x000001b373634590 JavaThread "C1 CompilerThread0" daemon [_thread_blocked, id=9784, stack(0x0000005ebe500000,0x0000005ebe600000)]
  0x000001b3736352b0 JavaThread "Sweeper thread" daemon [_thread_blocked, id=9780, stack(0x0000005ebe600000,0x0000005ebe700000)]
  0x000001b373895d90 JavaThread "Notification Thread" daemon [_thread_blocked, id=19508, stack(0x0000005ebe700000,0x0000005ebe800000)]
  0x000001b37389d8c0 JavaThread "Common-Cleaner" daemon [_thread_blocked, id=840, stack(0x0000005ebe900000,0x0000005ebea00000)]
  0x000001b3797d0890 JavaThread "pool-1-thread-1" [_thread_blocked, id=18268, stack(0x0000005ebef00000,0x0000005ebf000000)]

Other Threads:
  0x000001b3735fc4b0 VMThread "VM Thread" [stack: 0x0000005ebdd00000,0x0000005ebde00000] [id=16476]
  0x000001b373896270 WatcherThread [stack: 0x0000005ebe800000,0x0000005ebe900000] [id=18652]
  0x000001b35841b340 GCTaskThread "GC Thread#0" [stack: 0x0000005ebd800000,0x0000005ebd900000] [id=15244]
  0x000001b378131740 GCTaskThread "GC Thread#1" [stack: 0x0000005ebec00000,0x0000005ebed00000] [id=17960]
  0x000001b3786c22e0 GCTaskThread "GC Thread#2" [stack: 0x0000005ebed00000,0x0000005ebee00000] [id=7812]
  0x000001b378222b80 GCTaskThread "GC Thread#3" [stack: 0x0000005ebee00000,0x0000005ebef00000] [id=20340]
  0x000001b379087b40 GCTaskThread "GC Thread#4" [stack: 0x0000005ebf000000,0x0000005ebf100000] [id=1964]
  0x000001b379174d90 GCTaskThread "GC Thread#5" [stack: 0x0000005ebf100000,0x0000005ebf200000] [id=20204]
  0x000001b379175050 GCTaskThread "GC Thread#6" [stack: 0x0000005ebf200000,0x0000005ebf300000] [id=16672]
  0x000001b35841c9a0 ConcurrentGCThread "G1 Main Marker" [stack: 0x0000005ebd900000,0x0000005ebda00000] [id=18308]
  0x000001b35841e0f0 ConcurrentGCThread "G1 Conc#0" [stack: 0x0000005ebda00000,0x0000005ebdb00000] [id=19148]
  0x000001b35847e2a0 ConcurrentGCThread "G1 Refine#0" [stack: 0x0000005ebdb00000,0x0000005ebdc00000] [id=2308]
  0x000001b35847ea80 ConcurrentGCThread "G1 Service" [stack: 0x0000005ebdc00000,0x0000005ebdd00000] [id=16904]

Threads with active compile tasks:
C2 CompilerThread0   298827 2060       4       org.gradle.internal.logging.sink.GroupingProgressLogEventGenerator$OperationGroup::maybeFlushOutput (34 bytes)

VM state: not at safepoint (normal execution)

VM Mutex/Monitor currently owned by a thread: None

Heap address: 0x00000000fc000000, size: 64 MB, Compressed Oops mode: 32-bit

CDS archive(s) mapped at: [0x000001b300000000-0x000001b300bc0000-0x000001b300bc0000), size 12320768, SharedBaseAddress: 0x000001b300000000, ArchiveRelocationMode: 1.
Compressed class space mapped at: 0x000001b301000000-0x000001b341000000, reserved size: 1073741824
Narrow klass base: 0x000001b300000000, Narrow klass shift: 0, Narrow klass range: 0x100000000

GC Precious Log:
 CPUs: 12 total, 12 available
 Memory: 32605M
 Large Page Support: Disabled
 NUMA Support: Disabled
 Compressed Oops: Enabled (32-bit)
 Heap Region Size: 1M
 Heap Min Capacity: 64M
 Heap Initial Capacity: 64M
 Heap Max Capacity: 64M
 Pre-touch: Disabled
 Parallel Workers: 10
 Concurrent Workers: 3
 Concurrent Refinement Workers: 10
 Periodic GC: Disabled

Heap:
 garbage-first heap   total 65536K, used 33067K [0x00000000fc000000, 0x0000000100000000)
  region size 1024K, 26 young (26624K), 4 survivors (4096K)
 Metaspace       used 10112K, committed 10304K, reserved 1114112K
  class space    used 1316K, committed 1408K, reserved 1048576K

Heap Regions: E=young(eden), S=young(survivor), O=old, HS=humongous(starts), HC=humongous(continues), CS=collection set, F=free, OA=open archive, CA=closed archive, TAMS=top-at-mark-start (previous, next)
|   0|0x00000000fc000000, 0x00000000fc100000, 0x00000000fc100000|100%| O|  |TAMS 0x00000000fc000000, 0x00000000fc000000| Untracked 
|   1|0x00000000fc100000, 0x00000000fc200000, 0x00000000fc200000|100%| O|  |TAMS 0x00000000fc100000, 0x00000000fc100000| Untracked 
|   2|0x00000000fc200000, 0x00000000fc300000, 0x00000000fc300000|100%|HS|  |TAMS 0x00000000fc200000, 0x00000000fc200000| Complete 
|   3|0x00000000fc300000, 0x00000000fc400000, 0x00000000fc400000|100%|HC|  |TAMS 0x00000000fc300000, 0x00000000fc300000| Complete 
|   4|0x00000000fc400000, 0x00000000fc500000, 0x00000000fc500000|100%|HC|  |TAMS 0x00000000fc400000, 0x00000000fc400000| Complete 
|   5|0x00000000fc500000, 0x00000000fc600000, 0x00000000fc600000|100%|HC|  |TAMS 0x00000000fc500000, 0x00000000fc500000| Complete 
|   6|0x00000000fc600000, 0x00000000fc700000, 0x00000000fc700000|100%| O|  |TAMS 0x00000000fc600000, 0x00000000fc600000| Untracked 
|   7|0x00000000fc700000, 0x00000000fc800000, 0x00000000fc800000|100%| O|  |TAMS 0x00000000fc700000, 0x00000000fc700000| Untracked 
|   8|0x00000000fc800000, 0x00000000fc86f600, 0x00000000fc900000| 43%| O|  |TAMS 0x00000000fc800000, 0x00000000fc800000| Untracked 
|   9|0x00000000fc900000, 0x00000000fc900000, 0x00000000fca00000|  0%| F|  |TAMS 0x00000000fc900000, 0x00000000fc900000| Untracked 
|  10|0x00000000fca00000, 0x00000000fca00000, 0x00000000fcb00000|  0%| F|  |TAMS 0x00000000fca00000, 0x00000000fca00000| Untracked 
|  11|0x00000000fcb00000, 0x00000000fcb00000, 0x00000000fcc00000|  0%| F|  |TAMS 0x00000000fcb00000, 0x00000000fcb00000| Untracked 
|  12|0x00000000fcc00000, 0x00000000fcc00000, 0x00000000fcd00000|  0%| F|  |TAMS 0x00000000fcc00000, 0x00000000fcc00000| Untracked 
|  13|0x00000000fcd00000, 0x00000000fcd00000, 0x00000000fce00000|  0%| F|  |TAMS 0x00000000fcd00000, 0x00000000fcd00000| Untracked 
|  14|0x00000000fce00000, 0x00000000fce00000, 0x00000000fcf00000|  0%| F|  |TAMS 0x00000000fce00000, 0x00000000fce00000| Untracked 
|  15|0x00000000fcf00000, 0x00000000fcf00000, 0x00000000fd000000|  0%| F|  |TAMS 0x00000000fcf00000, 0x00000000fcf00000| Untracked 
|  16|0x00000000fd000000, 0x00000000fd000000, 0x00000000fd100000|  0%| F|  |TAMS 0x00000000fd000000, 0x00000000fd000000| Untracked 
|  17|0x00000000fd100000, 0x00000000fd100000, 0x00000000fd200000|  0%| F|  |TAMS 0x00000000fd100000, 0x00000000fd100000| Untracked 
|  18|0x00000000fd200000, 0x00000000fd200000, 0x00000000fd300000|  0%| F|  |TAMS 0x00000000fd200000, 0x00000000fd200000| Untracked 
|  19|0x00000000fd300000, 0x00000000fd300000, 0x00000000fd400000|  0%| F|  |TAMS 0x00000000fd300000, 0x00000000fd300000| Untracked 
|  20|0x00000000fd400000, 0x00000000fd400000, 0x00000000fd500000|  0%| F|  |TAMS 0x00000000fd400000, 0x00000000fd400000| Untracked 
|  21|0x00000000fd500000, 0x00000000fd500000, 0x00000000fd600000|  0%| F|  |TAMS 0x00000000fd500000, 0x00000000fd500000| Untracked 
|  22|0x00000000fd600000, 0x00000000fd600000, 0x00000000fd700000|  0%| F|  |TAMS 0x00000000fd600000, 0x00000000fd600000| Untracked 
|  23|0x00000000fd700000, 0x00000000fd700000, 0x00000000fd800000|  0%| F|  |TAMS 0x00000000fd700000, 0x00000000fd700000| Untracked 
|  24|0x00000000fd800000, 0x00000000fd800000, 0x00000000fd900000|  0%| F|  |TAMS 0x00000000fd800000, 0x00000000fd800000| Untracked 
|  25|0x00000000fd900000, 0x00000000fd900000, 0x00000000fda00000|  0%| F|  |TAMS 0x00000000fd900000, 0x00000000fd900000| Untracked 
|  26|0x00000000fda00000, 0x00000000fda00000, 0x00000000fdb00000|  0%| F|  |TAMS 0x00000000fda00000, 0x00000000fda00000| Untracked 
|  27|0x00000000fdb00000, 0x00000000fdb00000, 0x00000000fdc00000|  0%| F|  |TAMS 0x00000000fdb00000, 0x00000000fdb00000| Untracked 
|  28|0x00000000fdc00000, 0x00000000fdc00000, 0x00000000fdd00000|  0%| F|  |TAMS 0x00000000fdc00000, 0x00000000fdc00000| Untracked 
|  29|0x00000000fdd00000, 0x00000000fdd00000, 0x00000000fde00000|  0%| F|  |TAMS 0x00000000fdd00000, 0x00000000fdd00000| Untracked 
|  30|0x00000000fde00000, 0x00000000fdedb750, 0x00000000fdf00000| 85%| S|CS|TAMS 0x00000000fde00000, 0x00000000fde00000| Complete 
|  31|0x00000000fdf00000, 0x00000000fe000000, 0x00000000fe000000|100%| S|CS|TAMS 0x00000000fdf00000, 0x00000000fdf00000| Complete 
|  32|0x00000000fe000000, 0x00000000fe100000, 0x00000000fe100000|100%| S|CS|TAMS 0x00000000fe000000, 0x00000000fe000000| Complete 
|  33|0x00000000fe100000, 0x00000000fe200000, 0x00000000fe200000|100%| S|CS|TAMS 0x00000000fe100000, 0x00000000fe100000| Complete 
|  34|0x00000000fe200000, 0x00000000fe200000, 0x00000000fe300000|  0%| F|  |TAMS 0x00000000fe200000, 0x00000000fe200000| Untracked 
|  35|0x00000000fe300000, 0x00000000fe300000, 0x00000000fe400000|  0%| F|  |TAMS 0x00000000fe300000, 0x00000000fe300000| Untracked 
|  36|0x00000000fe400000, 0x00000000fe400000, 0x00000000fe500000|  0%| F|  |TAMS 0x00000000fe400000, 0x00000000fe400000| Untracked 
|  37|0x00000000fe500000, 0x00000000fe500000, 0x00000000fe600000|  0%| F|  |TAMS 0x00000000fe500000, 0x00000000fe500000| Untracked 
|  38|0x00000000fe600000, 0x00000000fe600000, 0x00000000fe700000|  0%| F|  |TAMS 0x00000000fe600000, 0x00000000fe600000| Untracked 
|  39|0x00000000fe700000, 0x00000000fe700000, 0x00000000fe800000|  0%| F|  |TAMS 0x00000000fe700000, 0x00000000fe700000| Untracked 
|  40|0x00000000fe800000, 0x00000000fe800000, 0x00000000fe900000|  0%| F|  |TAMS 0x00000000fe800000, 0x00000000fe800000| Untracked 
|  41|0x00000000fe900000, 0x00000000fe900000, 0x00000000fea00000|  0%| F|  |TAMS 0x00000000fe900000, 0x00000000fe900000| Untracked 
|  42|0x00000000fea00000, 0x00000000fea61f18, 0x00000000feb00000| 38%| E|  |TAMS 0x00000000fea00000, 0x00000000fea00000| Complete 
|  43|0x00000000feb00000, 0x00000000fec00000, 0x00000000fec00000|100%| E|CS|TAMS 0x00000000feb00000, 0x00000000feb00000| Complete 
|  44|0x00000000fec00000, 0x00000000fed00000, 0x00000000fed00000|100%| E|CS|TAMS 0x00000000fec00000, 0x00000000fec00000| Complete 
|  45|0x00000000fed00000, 0x00000000fee00000, 0x00000000fee00000|100%| E|CS|TAMS 0x00000000fed00000, 0x00000000fed00000| Complete 
|  46|0x00000000fee00000, 0x00000000fef00000, 0x00000000fef00000|100%| E|CS|TAMS 0x00000000fee00000, 0x00000000fee00000| Complete 
|  47|0x00000000fef00000, 0x00000000ff000000, 0x00000000ff000000|100%| E|CS|TAMS 0x00000000fef00000, 0x00000000fef00000| Complete 
|  48|0x00000000ff000000, 0x00000000ff100000, 0x00000000ff100000|100%| E|CS|TAMS 0x00000000ff000000, 0x00000000ff000000| Complete 
|  49|0x00000000ff100000, 0x00000000ff200000, 0x00000000ff200000|100%| E|CS|TAMS 0x00000000ff100000, 0x00000000ff100000| Complete 
|  50|0x00000000ff200000, 0x00000000ff300000, 0x00000000ff300000|100%| E|CS|TAMS 0x00000000ff200000, 0x00000000ff200000| Complete 
|  51|0x00000000ff300000, 0x00000000ff400000, 0x00000000ff400000|100%| E|CS|TAMS 0x00000000ff300000, 0x00000000ff300000| Complete 
|  52|0x00000000ff400000, 0x00000000ff500000, 0x00000000ff500000|100%| E|CS|TAMS 0x00000000ff400000, 0x00000000ff400000| Complete 
|  53|0x00000000ff500000, 0x00000000ff600000, 0x00000000ff600000|100%| E|CS|TAMS 0x00000000ff500000, 0x00000000ff500000| Complete 
|  54|0x00000000ff600000, 0x00000000ff700000, 0x00000000ff700000|100%| E|CS|TAMS 0x00000000ff600000, 0x00000000ff600000| Complete 
|  55|0x00000000ff700000, 0x00000000ff800000, 0x00000000ff800000|100%| E|CS|TAMS 0x00000000ff700000, 0x00000000ff700000| Complete 
|  56|0x00000000ff800000, 0x00000000ff900000, 0x00000000ff900000|100%| E|CS|TAMS 0x00000000ff800000, 0x00000000ff800000| Complete 
|  57|0x00000000ff900000, 0x00000000ffa00000, 0x00000000ffa00000|100%| E|CS|TAMS 0x00000000ff900000, 0x00000000ff900000| Complete 
|  58|0x00000000ffa00000, 0x00000000ffb00000, 0x00000000ffb00000|100%| E|CS|TAMS 0x00000000ffa00000, 0x00000000ffa00000| Complete 
|  59|0x00000000ffb00000, 0x00000000ffc00000, 0x00000000ffc00000|100%| E|CS|TAMS 0x00000000ffb00000, 0x00000000ffb00000| Complete 
|  60|0x00000000ffc00000, 0x00000000ffd00000, 0x00000000ffd00000|100%| E|CS|TAMS 0x00000000ffc00000, 0x00000000ffc00000| Complete 
|  61|0x00000000ffd00000, 0x00000000ffe00000, 0x00000000ffe00000|100%| E|CS|TAMS 0x00000000ffd00000, 0x00000000ffd00000| Complete 
|  62|0x00000000ffe00000, 0x00000000fff00000, 0x00000000fff00000|100%| E|  |TAMS 0x00000000ffe00000, 0x00000000ffe00000| Complete 
|  63|0x00000000fff00000, 0x0000000100000000, 0x0000000100000000|100%| E|CS|TAMS 0x00000000fff00000, 0x00000000fff00000| Complete 

Card table byte_map: [0x000001b357b20000,0x000001b357b40000] _byte_map_base: 0x000001b357340000

Marking Bits (Prev, Next): (CMBitMap*) 0x000001b35841b870, (CMBitMap*) 0x000001b35841b8b0
 Prev Bits: [0x000001b3707e0000, 0x000001b3708e0000)
 Next Bits: [0x000001b3708e0000, 0x000001b3709e0000)

Polling page: 0x000001b357ad0000

Metaspace:

Usage:
  Non-class:      8.59 MB used.
      Class:      1.29 MB used.
       Both:      9.88 MB used.

Virtual space:
  Non-class space:       64.00 MB reserved,       8.69 MB ( 14%) committed,  1 nodes.
      Class space:        1.00 GB reserved,       1.38 MB ( <1%) committed,  1 nodes.
             Both:        1.06 GB reserved,      10.06 MB ( <1%) committed. 

Chunk freelists:
   Non-Class:  7.22 MB
       Class:  14.45 MB
        Both:  21.67 MB

MaxMetaspaceSize: unlimited
CompressedClassSpaceSize: 1.00 GB
Initial GC threshold: 21.00 MB
Current GC threshold: 21.00 MB
CDS: on
MetaspaceReclaimPolicy: balanced
 - commit_granule_bytes: 65536.
 - commit_granule_words: 8192.
 - virtual_space_node_default_size: 8388608.
 - enlarge_chunks_in_place: 1.
 - new_chunks_are_fully_committed: 0.
 - uncommit_free_chunks: 1.
 - use_allocation_guard: 0.
 - handle_deallocations: 1.


Internal statistics:

num_allocs_failed_limit: 0.
num_arena_births: 74.
num_arena_deaths: 0.
num_vsnodes_births: 2.
num_vsnodes_deaths: 0.
num_space_committed: 161.
num_space_uncommitted: 0.
num_chunks_returned_to_freelist: 0.
num_chunks_taken_from_freelist: 359.
num_chunk_merges: 0.
num_chunk_splits: 240.
num_chunks_enlarged: 198.
num_inconsistent_stats: 0.

CodeHeap 'non-profiled nmethods': size=120000Kb used=1121Kb max_used=1121Kb free=118879Kb
 bounds [0x000001b368d60000, 0x000001b368fd0000, 0x000001b370290000]
CodeHeap 'profiled nmethods': size=120000Kb used=3655Kb max_used=3655Kb free=116344Kb
 bounds [0x000001b361290000, 0x000001b361630000, 0x000001b3687c0000]
CodeHeap 'non-nmethods': size=5760Kb used=1179Kb max_used=1206Kb free=4580Kb
 bounds [0x000001b3687c0000, 0x000001b368a30000, 0x000001b368d60000]
 total_blobs=2529 nmethods=2059 adapters=382
 compilation: enabled
              stopped_count=0, restarted_count=0
 full_count=0

Compilation events (20 events):
Event: 237.602 Thread 0x000001b373631bc0 nmethod 2050 0x000001b368e76a10 code [0x000001b368e76b80, 0x000001b368e76bf8]
Event: 239.601 Thread 0x000001b373634590 2051       3       org.gradle.internal.logging.events.RenderableOutputEvent::<init> (15 bytes)
Event: 239.601 Thread 0x000001b373634590 nmethod 2051 0x000001b36161df10 code [0x000001b36161e0c0, 0x000001b36161e3f8]
Event: 239.911 Thread 0x000001b373634590 2052       3       org.gradle.internal.logging.console.StyledTextOutputBackedRenderer::onOutput (260 bytes)
Event: 239.912 Thread 0x000001b373634590 nmethod 2052 0x000001b36161e510 code [0x000001b36161e980, 0x000001b361621448]
Event: 248.806 Thread 0x000001b373631bc0 2053       4       java.lang.Thread::interrupted (23 bytes)
Event: 248.807 Thread 0x000001b373631bc0 nmethod 2053 0x000001b368e76d10 code [0x000001b368e76e80, 0x000001b368e76ef8]
Event: 265.708 Thread 0x000001b373631bc0 2054       4       java.util.concurrent.locks.LockSupport::setBlocker (12 bytes)
Event: 265.711 Thread 0x000001b373631bc0 nmethod 2054 0x000001b368e77010 code [0x000001b368e77180, 0x000001b368e77298]
Event: 270.403 Thread 0x000001b373631bc0 2055       4       java.util.concurrent.locks.AbstractQueuedSynchronizer$ConditionObject::canReacquire (38 bytes)
Event: 270.404 Thread 0x000001b373631bc0 nmethod 2055 0x000001b368e77310 code [0x000001b368e77480, 0x000001b368e77538]
Event: 272.112 Thread 0x000001b373631bc0 2056       4       java.util.concurrent.TimeUnit::toNanos (45 bytes)
Event: 272.113 Thread 0x000001b373631bc0 nmethod 2056 0x000001b368e77610 code [0x000001b368e77780, 0x000001b368e77838]
Event: 272.206 Thread 0x000001b373631bc0 2057       4       java.util.concurrent.locks.ReentrantLock$Sync::isHeldExclusively (16 bytes)
Event: 272.207 Thread 0x000001b373631bc0 nmethod 2057 0x000001b368e77910 code [0x000001b368e77a80, 0x000001b368e77b38]
Event: 272.315 Thread 0x000001b373631bc0 2058       4       java.util.concurrent.TimeUnit::convert (77 bytes)
Event: 272.318 Thread 0x000001b373631bc0 nmethod 2058 0x000001b368e77c10 code [0x000001b368e77da0, 0x000001b368e77eb8]
Event: 272.409 Thread 0x000001b373631bc0 2059       4       java.util.concurrent.ScheduledThreadPoolExecutor$ScheduledFutureTask::getDelay (16 bytes)
Event: 272.411 Thread 0x000001b373631bc0 nmethod 2059 0x000001b368e78010 code [0x000001b368e781a0, 0x000001b368e782d8]
Event: 298.810 Thread 0x000001b373631bc0 2060       4       org.gradle.internal.logging.sink.GroupingProgressLogEventGenerator$OperationGroup::maybeFlushOutput (34 bytes)

GC Heap History (4 events):
Event: 0.207 GC heap before
{Heap before GC invocations=0 (full 0):
 garbage-first heap   total 65536K, used 22528K [0x00000000fc000000, 0x0000000100000000)
  region size 1024K, 23 young (23552K), 0 survivors (0K)
 Metaspace       used 1805K, committed 1920K, reserved 1114112K
  class space    used 161K, committed 192K, reserved 1048576K
}
Event: 0.210 GC heap after
{Heap after GC invocations=1 (full 0):
 garbage-first heap   total 65536K, used 4416K [0x00000000fc000000, 0x0000000100000000)
  region size 1024K, 3 young (3072K), 3 survivors (3072K)
 Metaspace       used 1805K, committed 1920K, reserved 1114112K
  class space    used 161K, committed 192K, reserved 1048576K
}
Event: 0.537 GC heap before
{Heap before GC invocations=1 (full 0):
 garbage-first heap   total 65536K, used 36160K [0x00000000fc000000, 0x0000000100000000)
  region size 1024K, 30 young (30720K), 3 survivors (3072K)
 Metaspace       used 7775K, committed 8000K, reserved 1114112K
  class space    used 1065K, committed 1152K, reserved 1048576K
}
Event: 0.539 GC heap after
{Heap after GC invocations=2 (full 0):
 garbage-first heap   total 65536K, used 12587K [0x00000000fc000000, 0x0000000100000000)
  region size 1024K, 4 young (4096K), 4 survivors (4096K)
 Metaspace       used 7775K, committed 8000K, reserved 1114112K
  class space    used 1065K, committed 1152K, reserved 1048576K
}

Dll operation events (13 events):
Event: 0.006 Loaded shared library C:\Program Files\OpenLogic\jdk-17.0.13.11-hotspot\bin\java.dll
Event: 0.015 Loaded shared library C:\Program Files\OpenLogic\jdk-17.0.13.11-hotspot\bin\jsvml.dll
Event: 0.032 Loaded shared library C:\Program Files\OpenLogic\jdk-17.0.13.11-hotspot\bin\net.dll
Event: 0.033 Loaded shared library C:\Program Files\OpenLogic\jdk-17.0.13.11-hotspot\bin\nio.dll
Event: 0.034 Loaded shared library C:\Program Files\OpenLogic\jdk-17.0.13.11-hotspot\bin\zip.dll
Event: 0.036 Loaded shared library C:\Program Files\OpenLogic\jdk-17.0.13.11-hotspot\bin\verify.dll
Event: 0.175 Loaded shared library C:\Program Files\OpenLogic\jdk-17.0.13.11-hotspot\bin\jimage.dll
Event: 0.380 Loaded shared library C:\Users\temp0\.gradle\native\c067742578af261105cb4f569cf0c3c89f3d7b1fecec35dd04571415982c5e48\windows-amd64\native-platform.dll
Event: 0.389 Loaded shared library C:\Users\temp0\.gradle\native\jansi\1.18\windows64\jansi.dll
Event: 0.458 Loaded shared library C:\Program Files\OpenLogic\jdk-17.0.13.11-hotspot\bin\management.dll
Event: 0.459 Loaded shared library C:\Program Files\OpenLogic\jdk-17.0.13.11-hotspot\bin\management_ext.dll
Event: 0.584 Loaded shared library C:\Program Files\OpenLogic\jdk-17.0.13.11-hotspot\bin\extnet.dll
Event: 0.618 Loaded shared library C:\Program Files\OpenLogic\jdk-17.0.13.11-hotspot\bin\sunmscapi.dll

Deoptimization events (20 events):
Event: 95.470 Thread 0x000001b3583fb150 DEOPT PACKING pc=0x000001b368e38b70 sp=0x0000005ebd7fd770
Event: 95.470 Thread 0x000001b3583fb150 DEOPT UNPACKING pc=0x000001b3688169a3 sp=0x0000005ebd7fd778 mode 2
Event: 95.506 Thread 0x000001b3797d0890 Uncommon trap: trap_request=0xffffffde fr.pc=0x000001b368e26910 relative=0x0000000000000e50
Event: 95.506 Thread 0x000001b3797d0890 Uncommon trap: reason=class_check action=maybe_recompile pc=0x000001b368e26910 method=org.gradle.internal.logging.sink.GroupingProgressLogEventGenerator.onOutput(Lorg/gradle/internal/logging/events/OutputEvent;)V @ 27 c2
Event: 95.506 Thread 0x000001b3797d0890 DEOPT PACKING pc=0x000001b368e26910 sp=0x0000005ebeffee20
Event: 95.506 Thread 0x000001b3797d0890 DEOPT UNPACKING pc=0x000001b3688169a3 sp=0x0000005ebeffed50 mode 2
Event: 95.506 Thread 0x000001b3797d0890 Uncommon trap: trap_request=0xffffffde fr.pc=0x000001b368e26910 relative=0x0000000000000e50
Event: 95.506 Thread 0x000001b3797d0890 Uncommon trap: reason=class_check action=maybe_recompile pc=0x000001b368e26910 method=org.gradle.internal.logging.sink.GroupingProgressLogEventGenerator.onOutput(Lorg/gradle/internal/logging/events/OutputEvent;)V @ 27 c2
Event: 95.506 Thread 0x000001b3797d0890 DEOPT PACKING pc=0x000001b368e26910 sp=0x0000005ebeffee20
Event: 95.506 Thread 0x000001b3797d0890 DEOPT UNPACKING pc=0x000001b3688169a3 sp=0x0000005ebeffed50 mode 2
Event: 95.506 Thread 0x000001b3797d0890 Uncommon trap: trap_request=0xffffffde fr.pc=0x000001b368e26910 relative=0x0000000000000e50
Event: 95.506 Thread 0x000001b3797d0890 Uncommon trap: reason=class_check action=maybe_recompile pc=0x000001b368e26910 method=org.gradle.internal.logging.sink.GroupingProgressLogEventGenerator.onOutput(Lorg/gradle/internal/logging/events/OutputEvent;)V @ 27 c2
Event: 95.506 Thread 0x000001b3797d0890 DEOPT PACKING pc=0x000001b368e26910 sp=0x0000005ebeffee20
Event: 95.506 Thread 0x000001b3797d0890 DEOPT UNPACKING pc=0x000001b3688169a3 sp=0x0000005ebeffed50 mode 2
Event: 95.506 Thread 0x000001b3797d0890 Uncommon trap: trap_request=0xffffffde fr.pc=0x000001b368e26910 relative=0x0000000000000e50
Event: 95.506 Thread 0x000001b3797d0890 Uncommon trap: reason=class_check action=maybe_recompile pc=0x000001b368e26910 method=org.gradle.internal.logging.sink.GroupingProgressLogEventGenerator.onOutput(Lorg/gradle/internal/logging/events/OutputEvent;)V @ 27 c2
Event: 95.506 Thread 0x000001b3797d0890 DEOPT PACKING pc=0x000001b368e26910 sp=0x0000005ebeffee20
Event: 95.506 Thread 0x000001b3797d0890 DEOPT UNPACKING pc=0x000001b3688169a3 sp=0x0000005ebeffed50 mode 2
Event: 156.725 Thread 0x000001b3797d0890 DEOPT PACKING pc=0x000001b36159bc77 sp=0x0000005ebeffe870
Event: 156.725 Thread 0x000001b3797d0890 DEOPT UNPACKING pc=0x000001b368817143 sp=0x0000005ebeffdce0 mode 0

Classes loaded (20 events):
Event: 95.432 Loading class jdk/internal/logger/LazyLoggers$LazyLoggerFactories
Event: 95.432 Loading class jdk/internal/logger/LazyLoggers$LazyLoggerFactories done
Event: 95.433 Loading class jdk/internal/logger/LoggerFinderLoader
Event: 95.433 Loading class jdk/internal/logger/LoggerFinderLoader done
Event: 95.433 Loading class jdk/internal/logger/LoggerFinderLoader$TemporaryLoggerFinder
Event: 95.433 Loading class jdk/internal/logger/LoggerFinderLoader$TemporaryLoggerFinder done
Event: 95.433 Loading class sun/util/logging/internal/LoggingProviderImpl$JULWrapper
Event: 95.433 Loading class sun/util/logging/PlatformLogger$ConfigurableBridge$LoggerConfiguration
Event: 95.433 Loading class sun/util/logging/PlatformLogger$ConfigurableBridge$LoggerConfiguration done
Event: 95.433 Loading class sun/util/logging/internal/LoggingProviderImpl$JULWrapper done
Event: 95.434 Loading class java/io/ObjectInputFilter
Event: 95.434 Loading class java/io/ObjectInputFilter done
Event: 95.434 Loading class java/io/ObjectInputFilter$Config$BuiltinFilterFactory
Event: 95.434 Loading class java/io/ObjectInputFilter$Config$BuiltinFilterFactory done
Event: 95.434 Loading class jdk/internal/access/JavaObjectInputFilterAccess
Event: 95.434 Loading class jdk/internal/access/JavaObjectInputFilterAccess done
Event: 95.434 Loading class java/lang/System$Logger$Level
Event: 95.434 Loading class java/lang/System$Logger$Level done
Event: 95.434 Loading class java/io/Bits
Event: 95.434 Loading class java/io/Bits done

Classes unloaded (0 events):
No events

Classes redefined (0 events):
No events

Internal exceptions (20 events):
Event: 0.341 Thread 0x000001b3583fb150 Exception <a 'java/lang/NoSuchMethodError'{0x00000000ff52df60}: 'void java.lang.invoke.DirectMethodHandle$Holder.invokeStatic(java.lang.Object, java.lang.Object)'> (0x00000000ff52df60) 
thrown [s\src\hotspot\share\interpreter\linkResolver.cpp, line 759]
Event: 0.353 Thread 0x000001b3583fb150 Exception <a 'java/lang/NoClassDefFoundError'{0x00000000ff5e5308}: org/slf4j/impl/StaticMarkerBinder> (0x00000000ff5e5308) 
thrown [s\src\hotspot\share\classfile\systemDictionary.cpp, line 245]
Event: 0.365 Thread 0x000001b3583fb150 Exception <a 'java/lang/NoSuchMethodError'{0x00000000ff4c6180}: 'java.lang.Object java.lang.invoke.Invokers$Holder.invoker(java.lang.Object, java.lang.Object, java.lang.Object)'> (0x00000000ff4c6180) 
thrown [s\src\hotspot\share\interpreter\linkResolver.cpp, line 759]
Event: 0.366 Thread 0x000001b3583fb150 Exception <a 'java/lang/NoSuchMethodError'{0x00000000ff4cf2d8}: 'java.lang.Object java.lang.invoke.DirectMethodHandle$Holder.invokeStatic(java.lang.Object, java.lang.Object, int)'> (0x00000000ff4cf2d8) 
thrown [s\src\hotspot\share\interpreter\linkResolver.cpp, line 759]
Event: 0.367 Thread 0x000001b3583fb150 Exception <a 'java/lang/NoSuchMethodError'{0x00000000ff4dafc8}: 'void java.lang.invoke.DelegatingMethodHandle$Holder.delegate(java.lang.Object, java.lang.Object, int, java.lang.Object)'> (0x00000000ff4dafc8) 
thrown [s\src\hotspot\share\interpreter\linkResolver.cpp, line 759]
Event: 0.367 Thread 0x000001b3583fb150 Exception <a 'java/lang/NoSuchMethodError'{0x00000000ff4df000}: 'int java.lang.invoke.DirectMethodHandle$Holder.invokeSpecial(java.lang.Object, java.lang.Object, java.lang.Object)'> (0x00000000ff4df000) 
thrown [s\src\hotspot\share\interpreter\linkResolver.cpp, line 759]
Event: 0.368 Thread 0x000001b3583fb150 Exception <a 'java/lang/NoSuchMethodError'{0x00000000ff4f2110}: 'java.lang.Object java.lang.invoke.Invokers$Holder.invokeExact_MT(java.lang.Object, java.lang.Object, java.lang.Object, java.lang.Object)'> (0x00000000ff4f2110) 
thrown [s\src\hotspot\share\interpreter\linkResolver.cpp, line 759]
Event: 0.374 Thread 0x000001b3583fb150 Exception <a 'java/lang/NoSuchMethodError'{0x00000000ff32bf30}: 'java.lang.Object java.lang.invoke.DirectMethodHandle$Holder.invokeVirtual(java.lang.Object, java.lang.Object, java.lang.Object)'> (0x00000000ff32bf30) 
thrown [s\src\hotspot\share\interpreter\linkResolver.cpp, line 759]
Event: 0.419 Thread 0x000001b3583fb150 Exception <a 'java/lang/NoSuchMethodError'{0x00000000fef6f240}: 'java.lang.Object java.lang.invoke.DirectMethodHandle$Holder.newInvokeSpecial(java.lang.Object, java.lang.Object, java.lang.Object, java.lang.Object, java.lang.Object)'> (0x00000000fef6f240) 
thrown [s\src\hotspot\share\interpreter\linkResolver.cpp, line 759]
Event: 0.443 Thread 0x000001b3583fb150 Exception <a 'java/lang/NoSuchMethodError'{0x00000000fec3c0e0}: 'void java.lang.invoke.DirectMethodHandle$Holder.invokeSpecial(java.lang.Object, java.lang.Object, java.lang.Object)'> (0x00000000fec3c0e0) 
thrown [s\src\hotspot\share\interpreter\linkResolver.cpp, line 759]
Event: 0.448 Thread 0x000001b3583fb150 Implicit null exception at 0x000001b368dca28f to 0x000001b368dca7d0
Event: 0.448 Thread 0x000001b3583fb150 Implicit null exception at 0x000001b368dab00f to 0x000001b368dab558
Event: 0.448 Thread 0x000001b3583fb150 Implicit null exception at 0x000001b368d9560f to 0x000001b368d95689
Event: 0.457 Thread 0x000001b3583fb150 Exception <a 'java/lang/NoSuchMethodError'{0x00000000febabbd8}: 'java.lang.Object java.lang.invoke.DirectMethodHandle$Holder.invokeStaticInit(java.lang.Object)'> (0x00000000febabbd8) 
thrown [s\src\hotspot\share\interpreter\linkResolver.cpp, line 759]
Event: 0.467 Thread 0x000001b3583fb150 Exception <a 'java/lang/NoSuchMethodError'{0x00000000fea4d4f8}: 'int java.lang.invoke.DirectMethodHandle$Holder.invokeVirtual(java.lang.Object, java.lang.Object, java.lang.Object)'> (0x00000000fea4d4f8) 
thrown [s\src\hotspot\share\interpreter\linkResolver.cpp, line 759]
Event: 0.489 Thread 0x000001b3583fb150 Exception <a 'java/lang/NoSuchMethodError'{0x00000000fe5a9070}: 'java.lang.Object java.lang.invoke.DirectMethodHandle$Holder.invokeSpecialIFC(java.lang.Object, java.lang.Object, java.lang.Object, java.lang.Object)'> (0x00000000fe5a9070) 
thrown [s\src\hotspot\share\interpreter\linkResolver.cpp, line 759]
Event: 0.513 Thread 0x000001b3583fb150 Exception <a 'java/lang/NoSuchMethodError'{0x00000000fe2b7120}: 'java.lang.Object java.lang.invoke.DirectMethodHandle$Holder.invokeStaticInit(java.lang.Object, int, int, int, int)'> (0x00000000fe2b7120) 
thrown [s\src\hotspot\share\interpreter\linkResolver.cpp, line 759]
Event: 0.543 Thread 0x000001b3583fb150 Exception <a 'java/lang/NoSuchMethodError'{0x00000000fffba900}: 'java.lang.Object java.lang.invoke.DirectMethodHandle$Holder.invokeStaticInit(java.lang.Object, java.lang.Object, int, int, int, int)'> (0x00000000fffba900) 
thrown [s\src\hotspot\share\interpreter\linkResolver.cpp, line 759]
Event: 0.585 Thread 0x000001b3583fb150 Exception <a 'java/lang/NoSuchMethodError'{0x00000000fffed9c0}: 'void java.lang.invoke.DirectMethodHandle$Holder.invokeStatic(java.lang.Object, java.lang.Object, java.lang.Object)'> (0x00000000fffed9c0) 
thrown [s\src\hotspot\share\interpreter\linkResolver.cpp, line 759]
Event: 0.599 Thread 0x000001b3583fb150 Implicit null exception at 0x000001b368da7172 to 0x000001b368da7748

VM Operations (20 events):
Event: 189.488 Executing VM operation: Cleanup
Event: 189.488 Executing VM operation: Cleanup done
Event: 208.598 Executing VM operation: Cleanup
Event: 208.598 Executing VM operation: Cleanup done
Event: 231.747 Executing VM operation: Cleanup
Event: 231.747 Executing VM operation: Cleanup done
Event: 233.756 Executing VM operation: Cleanup
Event: 233.756 Executing VM operation: Cleanup done
Event: 236.780 Executing VM operation: Cleanup
Event: 236.780 Executing VM operation: Cleanup done
Event: 237.792 Executing VM operation: Cleanup
Event: 237.792 Executing VM operation: Cleanup done
Event: 238.802 Executing VM operation: Cleanup
Event: 238.802 Executing VM operation: Cleanup done
Event: 240.474 Executing VM operation: HandshakeAllThreads
Event: 240.474 Executing VM operation: HandshakeAllThreads done
Event: 240.474 Executing VM operation: Cleanup
Event: 240.474 Executing VM operation: Cleanup done
Event: 272.707 Executing VM operation: Cleanup
Event: 272.708 Executing VM operation: Cleanup done

Memory protections (0 events):
No events

Nmethod flushes (0 events):
No events

Events (17 events):
Event: 0.015 Thread 0x000001b3583fb150 Thread added: 0x000001b3583fb150
Event: 0.016 Thread 0x000001b3583fb150 Thread added: 0x000001b373600900
Event: 0.017 Thread 0x000001b3583fb150 Thread added: 0x000001b3736013d0
Event: 0.022 Thread 0x000001b3583fb150 Thread added: 0x000001b373628970
Event: 0.022 Thread 0x000001b3583fb150 Thread added: 0x000001b373629240
Event: 0.022 Thread 0x000001b3583fb150 Thread added: 0x000001b37362a120
Event: 0.022 Thread 0x000001b3583fb150 Thread added: 0x000001b37362ca00
Event: 0.022 Thread 0x000001b3583fb150 Thread added: 0x000001b373631bc0
Event: 0.022 Thread 0x000001b3583fb150 Thread added: 0x000001b373634590
Event: 0.022 Thread 0x000001b3583fb150 Thread added: 0x000001b3736352b0
Event: 0.029 Thread 0x000001b3583fb150 Thread added: 0x000001b373895d90
Event: 0.030 Thread 0x000001b3583fb150 Thread added: 0x000001b37389d8c0
Event: 0.114 Thread 0x000001b373634590 Thread added: 0x000001b3738d7ca0
Event: 0.173 Thread 0x000001b373631bc0 Thread added: 0x000001b373b0bae0
Event: 0.399 Thread 0x000001b3583fb150 Thread added: 0x000001b3797d0890
Event: 0.770 Thread 0x000001b373b0bae0 Thread exited: 0x000001b373b0bae0
Event: 0.801 Thread 0x000001b3738d7ca0 Thread exited: 0x000001b3738d7ca0


Dynamic libraries:
0x00007ff62fc50000 - 0x00007ff62fc5e000 	C:\Program Files\OpenLogic\jdk-17.0.13.11-hotspot\bin\java.exe
0x00007ff849d20000 - 0x00007ff849f83000 	C:\WINDOWS\SYSTEM32\ntdll.dll
0x00007ff848820000 - 0x00007ff8488e8000 	C:\WINDOWS\System32\KERNEL32.DLL
0x00007ff8473c0000 - 0x00007ff847772000 	C:\WINDOWS\System32\KERNELBASE.dll
0x0000000056340000 - 0x000000005666e000 	C:\Program Files\Norton Security\NortonData\22.23.5.106\Definitions\IPSDefs\20241211.064\IPSEng64.dll
0x00007ff8496c0000 - 0x00007ff849774000 	C:\WINDOWS\System32\ADVAPI32.dll
0x00007ff847bf0000 - 0x00007ff847c99000 	C:\WINDOWS\System32\msvcrt.dll
0x00007ff849b80000 - 0x00007ff849c26000 	C:\WINDOWS\System32\sechost.dll
0x00007ff847ca0000 - 0x00007ff847db6000 	C:\WINDOWS\System32\RPCRT4.dll
0x00007ff847b80000 - 0x00007ff847b88000 	C:\WINDOWS\System32\PSAPI.DLL
0x00007ff847840000 - 0x00007ff84798b000 	C:\WINDOWS\System32\ucrtbase.dll
0x00007ff8420f0000 - 0x00007ff842107000 	C:\Program Files\OpenLogic\jdk-17.0.13.11-hotspot\bin\jli.dll
0x00007ff843c40000 - 0x00007ff843c5b000 	C:\Program Files\OpenLogic\jdk-17.0.13.11-hotspot\bin\VCRUNTIME140.dll
0x00007ff848950000 - 0x00007ff848b18000 	C:\WINDOWS\System32\USER32.dll
0x00007ff847810000 - 0x00007ff847837000 	C:\WINDOWS\System32\win32u.dll
0x00007ff82da80000 - 0x00007ff82dd10000 	C:\WINDOWS\WinSxS\amd64_microsoft.windows.common-controls_6595b64144ccf1df_6.0.26100.2454_none_3e0b68a2e331ad60\COMCTL32.dll
0x00007ff849b50000 - 0x00007ff849b7a000 	C:\WINDOWS\System32\GDI32.dll
0x00007ff847a50000 - 0x00007ff847b7b000 	C:\WINDOWS\System32\gdi32full.dll
0x00007ff8470f0000 - 0x00007ff847193000 	C:\WINDOWS\System32\msvcp_win.dll
0x00007ff849b10000 - 0x00007ff849b3f000 	C:\WINDOWS\System32\IMM32.DLL
0x00007ff843c30000 - 0x00007ff843c3c000 	C:\Program Files\OpenLogic\jdk-17.0.13.11-hotspot\bin\vcruntime140_1.dll
0x00007ff82afd0000 - 0x00007ff82b05d000 	C:\Program Files\OpenLogic\jdk-17.0.13.11-hotspot\bin\msvcp140.dll
0x00007fffabb30000 - 0x00007fffac79c000 	C:\Program Files\OpenLogic\jdk-17.0.13.11-hotspot\bin\server\jvm.dll
0x00007ff848020000 - 0x00007ff848094000 	C:\WINDOWS\System32\WS2_32.dll
0x00007ff845cc0000 - 0x00007ff845d0e000 	C:\WINDOWS\SYSTEM32\POWRPROF.dll
0x00007ff8381b0000 - 0x00007ff8381e6000 	C:\WINDOWS\SYSTEM32\WINMM.dll
0x00007ff840760000 - 0x00007ff84076b000 	C:\WINDOWS\SYSTEM32\VERSION.dll
0x00007ff845ca0000 - 0x00007ff845cb4000 	C:\WINDOWS\SYSTEM32\UMPDC.dll
0x00007ff846000000 - 0x00007ff84601a000 	C:\WINDOWS\SYSTEM32\kernel.appcore.dll
0x00007ff8420e0000 - 0x00007ff8420ea000 	C:\Program Files\OpenLogic\jdk-17.0.13.11-hotspot\bin\jimage.dll
0x00007ff834740000 - 0x00007ff834981000 	C:\WINDOWS\SYSTEM32\DBGHELP.DLL
0x00007ff849780000 - 0x00007ff849afe000 	C:\WINDOWS\System32\combase.dll
0x00007ff848ba0000 - 0x00007ff848c76000 	C:\WINDOWS\System32\OLEAUT32.dll
0x00007ff831ce0000 - 0x00007ff831d19000 	C:\WINDOWS\SYSTEM32\dbgcore.DLL
0x00007ff8471a0000 - 0x00007ff847239000 	C:\WINDOWS\System32\bcryptPrimitives.dll
0x00007ff82afa0000 - 0x00007ff82afc5000 	C:\Program Files\OpenLogic\jdk-17.0.13.11-hotspot\bin\java.dll
0x00007ff826200000 - 0x00007ff8262d6000 	C:\Program Files\OpenLogic\jdk-17.0.13.11-hotspot\bin\jsvml.dll
0x00007ff848fb0000 - 0x00007ff8496b0000 	C:\WINDOWS\System32\SHELL32.dll
0x00007ff844de0000 - 0x00007ff845611000 	C:\WINDOWS\SYSTEM32\windows.storage.dll
0x00007ff848c80000 - 0x00007ff848d5a000 	C:\WINDOWS\System32\SHCORE.dll
0x00007ff8488f0000 - 0x00007ff84894d000 	C:\WINDOWS\System32\shlwapi.dll
0x00007ff847000000 - 0x00007ff84702e000 	C:\WINDOWS\SYSTEM32\profapi.dll
0x00007ff8261e0000 - 0x00007ff8261f9000 	C:\Program Files\OpenLogic\jdk-17.0.13.11-hotspot\bin\net.dll
0x00007ff841980000 - 0x00007ff841aa6000 	C:\WINDOWS\SYSTEM32\WINHTTP.dll
0x00007ff8464e0000 - 0x00007ff846548000 	C:\WINDOWS\system32\mswsock.dll
0x00007ff824030000 - 0x00007ff824046000 	C:\Program Files\OpenLogic\jdk-17.0.13.11-hotspot\bin\nio.dll
0x00007ff824010000 - 0x00007ff824028000 	C:\Program Files\OpenLogic\jdk-17.0.13.11-hotspot\bin\zip.dll
0x00007ff82af90000 - 0x00007ff82afa0000 	C:\Program Files\OpenLogic\jdk-17.0.13.11-hotspot\bin\verify.dll
0x00007ffffd720000 - 0x00007ffffd747000 	C:\Users\temp0\.gradle\native\c067742578af261105cb4f569cf0c3c89f3d7b1fecec35dd04571415982c5e48\windows-amd64\native-platform.dll
0x00007ff82f810000 - 0x00007ff82f81a000 	C:\Users\temp0\.gradle\native\jansi\1.18\windows64\jansi.dll
0x00007ff823ff0000 - 0x00007ff823ff9000 	C:\Program Files\OpenLogic\jdk-17.0.13.11-hotspot\bin\management.dll
0x00007ff80ba20000 - 0x00007ff80ba2b000 	C:\Program Files\OpenLogic\jdk-17.0.13.11-hotspot\bin\management_ext.dll
0x00007ff846890000 - 0x00007ff8468ac000 	C:\WINDOWS\SYSTEM32\CRYPTSP.dll
0x00007ff845f60000 - 0x00007ff845f98000 	C:\WINDOWS\system32\rsaenh.dll
0x00007ff846580000 - 0x00007ff8465ab000 	C:\WINDOWS\SYSTEM32\USERENV.dll
0x00007ff846a20000 - 0x00007ff846a46000 	C:\WINDOWS\SYSTEM32\bcrypt.dll
0x00007ff846710000 - 0x00007ff84671c000 	C:\WINDOWS\SYSTEM32\CRYPTBASE.dll
0x00007ff845900000 - 0x00007ff845932000 	C:\WINDOWS\SYSTEM32\IPHLPAPI.DLL
0x00007ff848810000 - 0x00007ff84881a000 	C:\WINDOWS\System32\NSI.dll
0x00007ff841c60000 - 0x00007ff841c7e000 	C:\WINDOWS\SYSTEM32\dhcpcsvc6.DLL
0x00007ff8417b0000 - 0x00007ff8417d5000 	C:\WINDOWS\SYSTEM32\dhcpcsvc.DLL
0x00007ff845990000 - 0x00007ff845ab5000 	C:\WINDOWS\SYSTEM32\DNSAPI.dll
0x00007ff802220000 - 0x00007ff802228000 	C:\Program Files\OpenLogic\jdk-17.0.13.11-hotspot\bin\extnet.dll
0x00007ffffca00000 - 0x00007ffffca0e000 	C:\Program Files\OpenLogic\jdk-17.0.13.11-hotspot\bin\sunmscapi.dll
0x00007ff847240000 - 0x00007ff8473b6000 	C:\WINDOWS\System32\CRYPT32.dll
0x00007ff8469e0000 - 0x00007ff846a10000 	C:\WINDOWS\SYSTEM32\ncrypt.dll
0x00007ff846990000 - 0x00007ff8469cf000 	C:\WINDOWS\SYSTEM32\NTASN1.dll
0x00007ff825fb0000 - 0x00007ff825fb8000 	C:\WINDOWS\system32\wshunix.dll

dbghelp: loaded successfully - version: 4.0.5 - missing functions: none
symbol engine: initialized successfully - sym options: 0x614 - pdb path: .;C:\Program Files\OpenLogic\jdk-17.0.13.11-hotspot\bin;C:\WINDOWS\SYSTEM32;C:\Program Files\Norton Security\NortonData\22.23.5.106\Definitions\IPSDefs\20241211.064;C:\WINDOWS\WinSxS\amd64_microsoft.windows.common-controls_6595b64144ccf1df_6.0.26100.2454_none_3e0b68a2e331ad60;C:\Program Files\OpenLogic\jdk-17.0.13.11-hotspot\bin\server;C:\Users\temp0\.gradle\native\c067742578af261105cb4f569cf0c3c89f3d7b1fecec35dd04571415982c5e48\windows-amd64;C:\Users\temp0\.gradle\native\jansi\1.18\windows64

VM Arguments:
jvm_args: -Xmx64m -Xms64m -Dorg.gradle.appname=gradlew 
java_command: org.gradle.wrapper.GradleWrapperMain assembleRelease
java_class_path (initial): C:\Users\temp0\apps\WeDrive\android\\gradle\wrapper\gradle-wrapper.jar
Launcher Type: SUN_STANDARD

[Global flags]
     intx CICompilerCount                          = 4                                         {product} {ergonomic}
     uint ConcGCThreads                            = 3                                         {product} {ergonomic}
     uint G1ConcRefinementThreads                  = 10                                        {product} {ergonomic}
   size_t G1HeapRegionSize                         = 1048576                                   {product} {ergonomic}
    uintx GCDrainStackTargetSize                   = 64                                        {product} {ergonomic}
   size_t InitialHeapSize                          = 67108864                                  {product} {command line}
   size_t MarkStackSize                            = 4194304                                   {product} {ergonomic}
   size_t MaxHeapSize                              = 67108864                                  {product} {command line}
   size_t MaxNewSize                               = 39845888                                  {product} {ergonomic}
   size_t MinHeapDeltaBytes                        = 1048576                                   {product} {ergonomic}
   size_t MinHeapSize                              = 67108864                                  {product} {command line}
    uintx NonNMethodCodeHeapSize                   = 5839372                                {pd product} {ergonomic}
    uintx NonProfiledCodeHeapSize                  = 122909434                              {pd product} {ergonomic}
    uintx ProfiledCodeHeapSize                     = 122909434                              {pd product} {ergonomic}
    uintx ReservedCodeCacheSize                    = 251658240                              {pd product} {ergonomic}
     bool SegmentedCodeCache                       = true                                      {product} {ergonomic}
   size_t SoftMaxHeapSize                          = 67108864                               {manageable} {ergonomic}
     bool UseCompressedClassPointers               = true                           {product lp64_product} {ergonomic}
     bool UseCompressedOops                        = true                           {product lp64_product} {ergonomic}
     bool UseG1GC                                  = true                                      {product} {ergonomic}
     bool UseLargePagesIndividualAllocation        = false                                  {pd product} {ergonomic}

Logging:
Log output configuration:
 #0: stdout all=warning uptime,level,tags
 #1: stderr all=off uptime,level,tags

Environment Variables:
JAVA_HOME=C:\Program Files\OpenLogic\jdk-17.0.13.11-hotspot\
CLASSPATH=C:\Users\temp0\apps\WeDrive\android\\gradle\wrapper\gradle-wrapper.jar
PATH=C:\Program Files\OpenLogic\jdk-17.0.13.11-hotspot\bin;C:\Python312\Scripts\;C:\Python312\;C:\Program Files (x86)\Common Files\Intel\Shared Libraries\redist\intel64\compiler;C:\WINDOWS\system32;C:\WINDOWS;C:\WINDOWS\System32\Wbem;C:\WINDOWS\System32\WindowsPowerShell\v1.0\;C:\WINDOWS\System32\OpenSSH\;C:\Program Files\NVIDIA Corporation\NVIDIA app\NvDLISR;C:\Program Files (x86)\NVIDIA Corporation\PhysX\Common;C:\ProgramData\chocolatey\bin;C:\Program Files\Git\cmd;C:\Users\temp0\AppData\Local\Android\Sdk;C:\Users\temp0\AppData\Local\Android\Sdk\platform-tools;C:\Users\temp0\AppData\Local\Android\Sdk\tools;C:\Users\temp0\AppData\Local\Android\Sdk\tools\bin;C:\Users\temp0\AppData\Local\Android\Sdk\emulator;C:\Program Files\nodejs\;C:\Users\temp0\AppData\Local\Microsoft\WindowsApps;C:\Users\temp0\AppData\Local\Programs\Microsoft VS Code\bin;C:\Users\temp0\AppData\Local\Android\Sdk;C:\Users\temp0\AppData\Local\Android\Sdk\platform-tools;C:\Users\temp0\AppData\Local\Android\Sdk\emulator;C:\Users\temp0\AppData\Local\Android\Sdk\tools;C:\Users\temp0\AppData\Local\Android\Sdk\tools\bin;C:\Users\temp0\AppData\Roaming\npm;
USERNAME=temp0
LANG=en_US.UTF-8
OS=Windows_NT
PROCESSOR_IDENTIFIER=Intel64 Family 6 Model 151 Stepping 5, GenuineIntel
TMP=C:\Users\temp0\AppData\Local\Temp
TEMP=C:\Users\temp0\AppData\Local\Temp



Periodic native trim disabled


---------------  S Y S T E M  ---------------

OS:
 Windows 11 , 64 bit Build 26100 (10.0.26100.2454)
OS uptime: 0 days 3:17 hours
Hyper-V role detected

CPU: total 12 (initial active 12) (6 cores per cpu, 2 threads per core) family 6 model 151 stepping 5 microcode 0x2e, cx8, cmov, fxsr, ht, mmx, 3dnowpref, sse, sse2, sse3, ssse3, sse4.1, sse4.2, popcnt, lzcnt, tsc, tscinvbit, avx, avx2, aes, erms, clmul, bmi1, bmi2, adx, sha, fma, vzeroupper, clflush, clflushopt, clwb, hv
Processor Information for all 12 processors :
  Max Mhz: 2500, Current Mhz: 2500, Mhz Limit: 2500

Memory: 4k page, system-wide physical 32605M (18145M free)
TotalPageFile size -2081692M (AvailPageFile size 0M)
current process WorkingSet (physical memory assigned to process): 106M, peak: 116M
current process commit charge ("private bytes"): 170M, peak: 182M

vm_info: OpenJDK 64-Bit Server VM (17.0.13+11-adhoc..jdk17u) for windows-amd64 JRE (17.0.13+11-adhoc..jdk17u), built on Oct 18 2024 01:05:13 by "" with MS VC++ 16.10 / 16.11 (VS2019)

END.
